

 >> R 3 t     E R T    M o d e l    v 2.31 <<

 >> Date: 19-07-2023
 >> My beautiful 3D survey                                                          
 >> A d v a n c e d   M e s h   I n p u t <<
 >> T e t r a h e d r a l   E l e m e n t   M e s h <<


 >> Parameterisation
    Total number of parameters:                  41878
    Number of elements with fixed resistivity:       0
    Number of parameter regularisation zones:        1
    Regularisation zone   1   alpha scalar:        1.0
 >> Reading resistivity model from res0.dat                                                                        

 >> L o g - D a t a   I n v e r s i o n <<
 >> N o r m a l   R e g u l a r i s a t i o n <<
    For   1000 measurements the memory needed is:          0.349 Gb
    For   2000 measurements the memory needed is:          0.684 Gb
    For   5000 measurements the memory needed is:          1.690 Gb
    For  10000 measurements the memory needed is:          3.365 Gb


 >> Number of measurements read: 2093

 >> Total Memory required is:          0.715 Gb


 Processing frame   1 - output to file f001.dat

   Iteration   1
     Initial RMS Misfit:        27.28      Number of data ignored:     8
     Alpha:        4504.878   RMS Misfit:        2.50  Roughness:        1.776
     Alpha:        2090.979   RMS Misfit:        2.55  Roughness:        1.891
     Step length set to      1.000
     Final RMS Misfit:        2.50
     Data misfit:         13010.57
     Model misfit:         8002.50
     Total misfit:        21013.06
     Updated data weights

   Iteration   2
     Initial RMS Misfit:         1.82      Number of data ignored:     4
     Alpha:        2478.776   RMS Misfit:        1.40  Roughness:        1.857
     Alpha:        1150.546   RMS Misfit:        1.17  Roughness:        2.629
     Alpha:         534.036   RMS Misfit:        0.96  Roughness:        3.489
     Step length set to      1.000
     Final RMS Misfit:        0.96
     Data misfit:          1928.47
     Model misfit:         1863.22
     Total misfit:         3791.68
     Step length set to      0.933
     Final RMS Misfit:        1.00

 Solution converged - Outputing results to file

 Calculating sensitivity map

 End of data:  Terminating


    Timing Summary
    ==============
    Total time taken:                               150. s

    Percent time taken forming element equations:    0.1 %
    Percent time taken solving forward  equations:   2.5 %
    Percent time taken forming Jacobian:             6.7 %
    Percent time taken solving inverse equations:   89.9 %
    Percent time taken calculating res. matrix:      0.0 %

    Timing Details
    ==============
    Number of calls to form element equations:         8
    Average time taken in call:                      0.0 s
    Number of calls to solve forward equations:      576
    Average time taken in call:                      0.0 s
    Number of calls to form Jacobian:                  2
    Average time taken in call:                      5.1 s
    Number of calls to solve inverse equations:        5
    Average time taken in call:                     27.0 s
    Number of calls to calculate res. matrix:          0
    Average time taken in call:                      0.0 s


 >> Program ended normally

