

 >> R 3 t     E R T    M o d e l    v 2.31 <<

 >> Date: 19-07-2023
 >> My beautiful 3D survey                                                          
 >> A d v a n c e d   M e s h   I n p u t <<
 >> T e t r a h e d r a l   E l e m e n t   M e s h <<


 >> Parameterisation
    Total number of parameters:                  41878
    Number of elements with fixed resistivity:       0
    Number of parameter regularisation zones:        1
    Regularisation zone   1   alpha scalar:        1.0
 >> Reading resistivity model from res0.dat                                                                        

 >> L o g - D a t a   I n v e r s i o n <<
 >> N o r m a l   R e g u l a r i s a t i o n <<
    For   1000 measurements the memory needed is:          0.349 Gb
    For   2000 measurements the memory needed is:          0.684 Gb
    For   5000 measurements the memory needed is:          1.690 Gb
    For  10000 measurements the memory needed is:          3.365 Gb


 >> Number of measurements read: 2225

 >> Total Memory required is:          0.760 Gb


 Processing frame   1 - output to file f001.dat

   Iteration   1
     Initial RMS Misfit:        29.48      Number of data ignored:     9
     Alpha:        4508.490   RMS Misfit:        2.31  Roughness:        1.752
     Alpha:        2092.656   RMS Misfit:        2.29  Roughness:        1.868
     Alpha:         971.325   RMS Misfit:        1.98  Roughness:        3.381
     Alpha:         450.849   RMS Misfit:        2.08  Roughness:        4.986
     Step length set to      1.000
     Final RMS Misfit:        1.98
     Data misfit:          8687.74
     Model misfit:         3284.37
     Total misfit:        11972.11
     Updated data weights

   Iteration   2
     Initial RMS Misfit:         1.34      Number of data ignored:     8
     Alpha:         508.582   RMS Misfit:        0.75  Roughness:        4.276
     Step length set to      1.000
     Final RMS Misfit:        0.75
     Data misfit:          1248.82
     Model misfit:         2174.67
     Total misfit:         3423.49
     Step length set to      0.486
     Final RMS Misfit:        1.00

 Solution converged - Outputing results to file

 Calculating sensitivity map

 End of data:  Terminating


    Timing Summary
    ==============
    Total time taken:                               141. s

    Percent time taken forming element equations:    0.1 %
    Percent time taken solving forward  equations:   2.6 %
    Percent time taken forming Jacobian:             7.7 %
    Percent time taken solving inverse equations:   88.7 %
    Percent time taken calculating res. matrix:      0.0 %

    Timing Details
    ==============
    Number of calls to form element equations:         8
    Average time taken in call:                      0.0 s
    Number of calls to solve forward equations:      576
    Average time taken in call:                      0.0 s
    Number of calls to form Jacobian:                  2
    Average time taken in call:                      5.4 s
    Number of calls to solve inverse equations:        5
    Average time taken in call:                     25.1 s
    Number of calls to calculate res. matrix:          0
    Average time taken in call:                      0.0 s


 >> Program ended normally

