

 >> R 3 t     E R T    M o d e l    v 2.31 <<

 >> Date: 20-07-2022
 >> My beautiful 3D survey                                                          
 >> A d v a n c e d   M e s h   I n p u t <<
 >> T e t r a h e d r a l   E l e m e n t   M e s h <<


 >> Parameterisation
    Total number of parameters:                  38427
    Number of elements with fixed resistivity:       0
    Number of parameter regularisation zones:        1
    Regularisation zone   1   alpha scalar:        1.0
 >> Reading resistivity model from res0.dat                                                                        

 >> L o g - D a t a   I n v e r s i o n <<
 >> N o r m a l   R e g u l a r i s a t i o n <<
    For   1000 measurements the memory needed is:          0.320 Gb
    For   2000 measurements the memory needed is:          0.628 Gb
    For   5000 measurements the memory needed is:          1.551 Gb
    For  10000 measurements the memory needed is:          3.088 Gb


 >> Number of measurements read: 2255

 >> Total Memory required is:          0.706 Gb


 Processing frame   1 - output to file f001.dat

   Iteration   1
     Initial RMS Misfit:        33.30      Number of data ignored:    11
     Alpha:       17579.147   RMS Misfit:        4.70  Roughness:        1.113
     Alpha:        8159.517   RMS Misfit:        4.63  Roughness:        1.221
     Alpha:        3787.312   RMS Misfit:        4.33  Roughness:        2.637
     Alpha:        1757.915   RMS Misfit:        4.85  Roughness:        4.078
     Step length set to      1.000
     Final RMS Misfit:        4.33
     Data misfit:         42105.18
     Model misfit:         9988.86
     Total misfit:        52094.04
     Updated data weights

   Iteration   2
     Initial RMS Misfit:         2.74      Number of data ignored:     6
     Alpha:        2205.685   RMS Misfit:        1.77  Roughness:        3.384
     Alpha:        1023.788   RMS Misfit:        1.55  Roughness:        4.374
     Alpha:         475.200   RMS Misfit:        1.34  Roughness:        5.711
     Alpha:         220.569   RMS Misfit:        1.20  Roughness:        7.479
     Alpha:         102.379   RMS Misfit:        1.13  Roughness:        9.627
     Alpha:          47.520   RMS Misfit:        1.13  Roughness:       12.193
     Alpha:          22.057   RMS Misfit:        1.16  Roughness:       15.368
     Step length set to      1.000
     Final RMS Misfit:        1.13
     Data misfit:          2850.33
     Model misfit:          579.43
     Total misfit:         3429.76
     Attempted to update data weights and caused overshoot
     treating as converged

 Solution converged - Outputing results to file

 Calculating sensitivity map

 End of data:  Terminating


    Timing Summary
    ==============
    Total time taken:                               392. s

    Percent time taken forming element equations:    0.0 %
    Percent time taken solving forward  equations:   1.5 %
    Percent time taken forming Jacobian:             2.6 %
    Percent time taken solving inverse equations:   95.5 %
    Percent time taken calculating res. matrix:      0.0 %

    Timing Details
    ==============
    Number of calls to form element equations:        12
    Average time taken in call:                      0.0 s
    Number of calls to solve forward equations:      864
    Average time taken in call:                      0.0 s
    Number of calls to form Jacobian:                  2
    Average time taken in call:                      5.1 s
    Number of calls to solve inverse equations:       11
    Average time taken in call:                     34.0 s
    Number of calls to calculate res. matrix:          0
    Average time taken in call:                      0.0 s


 >> Program ended normally


