

 >> R 3 t     E R T    M o d e l    v 2.31 <<

 >> Date: 19-07-2023
 >> My beautiful 3D survey                                                          
 >> A d v a n c e d   M e s h   I n p u t <<
 >> T e t r a h e d r a l   E l e m e n t   M e s h <<


 >> Parameterisation
    Total number of parameters:                  41878
    Number of elements with fixed resistivity:       0
    Number of parameter regularisation zones:        1
    Regularisation zone   1   alpha scalar:        1.0
 >> Reading resistivity model from res0.dat                                                                        

 >> L o g - D a t a   I n v e r s i o n <<
 >> N o r m a l   R e g u l a r i s a t i o n <<
    For   1000 measurements the memory needed is:          0.349 Gb
    For   2000 measurements the memory needed is:          0.684 Gb
    For   5000 measurements the memory needed is:          1.690 Gb
    For  10000 measurements the memory needed is:          3.365 Gb


 >> Number of measurements read: 2238

 >> Total Memory required is:          0.764 Gb


 Processing frame   1 - output to file f001.dat

   Iteration   1
     Initial RMS Misfit:        33.24      Number of data ignored:     7
     Alpha:        5918.167   RMS Misfit:        3.24  Roughness:        2.747
     Alpha:        2746.970   RMS Misfit:        3.19  Roughness:        2.949
     Alpha:        1275.031   RMS Misfit:        2.96  Roughness:        5.603
     Alpha:         591.817   RMS Misfit:        2.72  Roughness:        8.435
     Alpha:         274.697   RMS Misfit:        3.78  Roughness:       13.491
     Step length set to      1.000
     Final RMS Misfit:        2.72
     Data misfit:         16438.20
     Model misfit:         4991.88
     Total misfit:        21430.08
     Updated data weights

   Iteration   2
     Initial RMS Misfit:         2.05      Number of data ignored:     6
     Alpha:         329.784   RMS Misfit:        0.88  Roughness:        8.240
     Step length set to      1.000
     Final RMS Misfit:        0.88
     Data misfit:          1733.94
     Model misfit:         2717.56
     Total misfit:         4451.50
     Step length set to      0.790
     Final RMS Misfit:        1.01

 Solution converged - Outputing results to file

 Calculating sensitivity map

 End of data:  Terminating


    Timing Summary
    ==============
    Total time taken:                               176. s

    Percent time taken forming element equations:    0.0 %
    Percent time taken solving forward  equations:   2.3 %
    Percent time taken forming Jacobian:             5.3 %
    Percent time taken solving inverse equations:   91.6 %
    Percent time taken calculating res. matrix:      0.0 %

    Timing Details
    ==============
    Number of calls to form element equations:         9
    Average time taken in call:                      0.0 s
    Number of calls to solve forward equations:      648
    Average time taken in call:                      0.0 s
    Number of calls to form Jacobian:                  2
    Average time taken in call:                      4.7 s
    Number of calls to solve inverse equations:        6
    Average time taken in call:                     26.9 s
    Number of calls to calculate res. matrix:          0
    Average time taken in call:                      0.0 s


 >> Program ended normally

