

 >> R 3 t     E R T    M o d e l    v 2.31 <<

 >> Date: 20-07-2022
 >> My beautiful 3D survey                                                          
 >> A d v a n c e d   M e s h   I n p u t <<
 >> T e t r a h e d r a l   E l e m e n t   M e s h <<


 >> Parameterisation
    Total number of parameters:                  38427
    Number of elements with fixed resistivity:       0
    Number of parameter regularisation zones:        1
    Regularisation zone   1   alpha scalar:        1.0
 >> Reading resistivity model from res0.dat                                                                        

 >> L o g - D a t a   I n v e r s i o n <<
 >> N o r m a l   R e g u l a r i s a t i o n <<
    For   1000 measurements the memory needed is:          0.320 Gb
    For   2000 measurements the memory needed is:          0.628 Gb
    For   5000 measurements the memory needed is:          1.551 Gb
    For  10000 measurements the memory needed is:          3.088 Gb


 >> Number of measurements read: 1493

 >> Total Memory required is:          0.472 Gb


 Processing frame   1 - output to file f001.dat

   Iteration   1
     Initial RMS Misfit:        29.93      Number of data ignored:    12
     Alpha:        7626.746   RMS Misfit:        2.25  Roughness:        0.573
     Alpha:        3540.022   RMS Misfit:        2.20  Roughness:        0.612
     Alpha:        1643.133   RMS Misfit:        1.86  Roughness:        1.097
     Alpha:         762.675   RMS Misfit:        1.74  Roughness:        1.614
     Alpha:         354.002   RMS Misfit:        1.73  Roughness:        2.588
     Alpha:         164.313   RMS Misfit:        2.52  Roughness:        3.986
     Step length set to      1.000
     Final RMS Misfit:        1.73
     Data misfit:          4454.92
     Model misfit:          916.19
     Total misfit:         5371.10
     Attempted to update data weights and caused overshoot
     treating as converged

 Solution converged - Outputing results to file

 Calculating sensitivity map

 End of data:  Terminating


    Timing Summary
    ==============
    Total time taken:                               180. s

    Percent time taken forming element equations:    0.0 %
    Percent time taken solving forward  equations:   2.1 %
    Percent time taken forming Jacobian:             2.3 %
    Percent time taken solving inverse equations:   94.9 %
    Percent time taken calculating res. matrix:      0.0 %

    Timing Details
    ==============
    Number of calls to form element equations:         7
    Average time taken in call:                      0.0 s
    Number of calls to solve forward equations:      504
    Average time taken in call:                      0.0 s
    Number of calls to form Jacobian:                  1
    Average time taken in call:                      4.2 s
    Number of calls to solve inverse equations:        6
    Average time taken in call:                     28.4 s
    Number of calls to calculate res. matrix:          0
    Average time taken in call:                      0.0 s


 >> Program ended normally

