

 >> R 3 t     E R T    M o d e l    v 2.31 <<

 >> Date: 02-06-2022
 >> My beautiful 3D survey                                                          
 >> A d v a n c e d   M e s h   I n p u t <<
 >> T e t r a h e d r a l   E l e m e n t   M e s h <<


 >> Parameterisation
    Total number of parameters:                  32557
    Number of elements with fixed resistivity:       0
    Number of parameter regularisation zones:        1
    Regularisation zone   1   alpha scalar:        1.0
 >> Reading resistivity model from res0.dat                                                                        

 >> L o g - D a t a   I n v e r s i o n <<
 >> N o r m a l   R e g u l a r i s a t i o n <<
    For   1000 measurements the memory needed is:          0.272 Gb
    For   2000 measurements the memory needed is:          0.532 Gb
    For   5000 measurements the memory needed is:          1.314 Gb
    For  10000 measurements the memory needed is:          2.617 Gb


 >> Number of measurements read: 2048

 >> Total Memory required is:          0.545 Gb


 Processing frame   1 - output to file f001.dat

   Iteration   1
     Initial RMS Misfit:        25.20      Number of data ignored:    23
     Alpha:         814.389   RMS Misfit:        1.60  Roughness:        2.473
     Alpha:         378.006   RMS Misfit:        1.58  Roughness:        2.633
     Alpha:         175.455   RMS Misfit:        1.48  Roughness:        4.780
     Alpha:          81.439   RMS Misfit:        1.47  Roughness:        7.032
     Alpha:          37.801   RMS Misfit:        1.52  Roughness:       10.798
     Step length set to      1.000
     Final RMS Misfit:        1.47
     Data misfit:          4402.93
     Model misfit:          572.72
     Total misfit:         4975.65
     Attempted to update data weights and caused overshoot
     treating as converged

 Solution converged - Outputing results to file

 Calculating sensitivity map

 End of data:  Terminating


    Timing Summary
    ==============
    Total time taken:                               102. s

    Percent time taken forming element equations:    0.0 %
    Percent time taken solving forward  equations:   2.3 %
    Percent time taken forming Jacobian:             3.3 %
    Percent time taken solving inverse equations:   93.5 %
    Percent time taken calculating res. matrix:      0.0 %

    Timing Details
    ==============
    Number of calls to form element equations:         6
    Average time taken in call:                      0.0 s
    Number of calls to solve forward equations:      432
    Average time taken in call:                      0.0 s
    Number of calls to form Jacobian:                  1
    Average time taken in call:                      3.3 s
    Number of calls to solve inverse equations:        5
    Average time taken in call:                     19.1 s
    Number of calls to calculate res. matrix:          0
    Average time taken in call:                      0.0 s


 >> Program ended normally

