

 >> R 3 t     E R T    M o d e l    v 2.31 <<

 >> Date: 15-07-2022
 >> My beautiful 3D survey                                                          
 >> A d v a n c e d   M e s h   I n p u t <<
 >> T e t r a h e d r a l   E l e m e n t   M e s h <<


 >> Parameterisation
    Total number of parameters:                  34178
    Number of elements with fixed resistivity:       0
    Number of parameter regularisation zones:        1
    Regularisation zone   1   alpha scalar:        1.0
 >> Reading resistivity model from res0.dat                                                                        

 >> L o g - D a t a   I n v e r s i o n <<
 >> N o r m a l   R e g u l a r i s a t i o n <<
    For   1000 measurements the memory needed is:          0.285 Gb
    For   2000 measurements the memory needed is:          0.559 Gb
    For   5000 measurements the memory needed is:          1.379 Gb
    For  10000 measurements the memory needed is:          2.747 Gb


 >> Number of measurements read: 2067

 >> Total Memory required is:          0.577 Gb


 Processing frame   1 - output to file f001.dat

   Iteration   1
     Initial RMS Misfit:        24.01      Number of data ignored:    14
     Alpha:         795.185   RMS Misfit:        1.34  Roughness:        3.301
     Alpha:         369.092   RMS Misfit:        1.31  Roughness:        3.522
     Alpha:         171.317   RMS Misfit:        1.19  Roughness:        6.250
     Alpha:          79.518   RMS Misfit:        1.25  Roughness:        8.731
     Step length set to      1.000
     Final RMS Misfit:        1.19
     Data misfit:          2901.57
     Model misfit:         1070.71
     Total misfit:         3972.28
     Attempted to update data weights and caused overshoot
     treating as converged

 Solution converged - Outputing results to file

 Calculating sensitivity map

 End of data:  Terminating


    Timing Summary
    ==============
    Total time taken:                                98. s

    Percent time taken forming element equations:    0.1 %
    Percent time taken solving forward  equations:   2.6 %
    Percent time taken forming Jacobian:             6.1 %
    Percent time taken solving inverse equations:   90.0 %
    Percent time taken calculating res. matrix:      0.0 %

    Timing Details
    ==============
    Number of calls to form element equations:         5
    Average time taken in call:                      0.0 s
    Number of calls to solve forward equations:      360
    Average time taken in call:                      0.0 s
    Number of calls to form Jacobian:                  1
    Average time taken in call:                      6.0 s
    Number of calls to solve inverse equations:        4
    Average time taken in call:                     22.1 s
    Number of calls to calculate res. matrix:          0
    Average time taken in call:                      0.0 s


 >> Program ended normally

