

 >> R 3 t     E R T    M o d e l    v 2.31 <<

 >> Date: 15-07-2022
 >> My beautiful 3D survey                                                          
 >> A d v a n c e d   M e s h   I n p u t <<
 >> T e t r a h e d r a l   E l e m e n t   M e s h <<


 >> Parameterisation
    Total number of parameters:                  34178
    Number of elements with fixed resistivity:       0
    Number of parameter regularisation zones:        1
    Regularisation zone   1   alpha scalar:        1.0
 >> Reading resistivity model from res0.dat                                                                        

 >> L o g - D a t a   I n v e r s i o n <<
 >> N o r m a l   R e g u l a r i s a t i o n <<
    For   1000 measurements the memory needed is:          0.285 Gb
    For   2000 measurements the memory needed is:          0.559 Gb
    For   5000 measurements the memory needed is:          1.379 Gb
    For  10000 measurements the memory needed is:          2.747 Gb


 >> Number of measurements read: 2137

 >> Total Memory required is:          0.596 Gb


 Processing frame   1 - output to file f001.dat

   Iteration   1
     Initial RMS Misfit:        24.89      Number of data ignored:    27
     Alpha:       54279.212   RMS Misfit:        3.34  Roughness:        0.108
     Alpha:       25194.178   RMS Misfit:        3.28  Roughness:        0.124
     Alpha:       11694.102   RMS Misfit:        2.77  Roughness:        0.356
     Alpha:        5427.921   RMS Misfit:        2.46  Roughness:        0.613
     Alpha:        2519.418   RMS Misfit:        2.39  Roughness:        1.049
     Alpha:        1169.410   RMS Misfit:        2.06  Roughness:        1.626
     Alpha:         542.792   RMS Misfit:        1.99  Roughness:        2.491
     Alpha:         251.942   RMS Misfit:        2.01  Roughness:        3.729
     Step length set to      1.000
     Final RMS Misfit:        1.99
     Data misfit:          8339.84
     Model misfit:         1351.92
     Total misfit:         9691.76
     Attempted to update data weights and caused overshoot
     treating as converged

 Solution converged - Outputing results to file

 Calculating sensitivity map

 End of data:  Terminating


    Timing Summary
    ==============
    Total time taken:                               293. s

    Percent time taken forming element equations:    0.0 %
    Percent time taken solving forward  equations:   1.5 %
    Percent time taken forming Jacobian:             1.8 %
    Percent time taken solving inverse equations:   96.2 %
    Percent time taken calculating res. matrix:      0.0 %

    Timing Details
    ==============
    Number of calls to form element equations:         9
    Average time taken in call:                      0.0 s
    Number of calls to solve forward equations:      648
    Average time taken in call:                      0.0 s
    Number of calls to form Jacobian:                  1
    Average time taken in call:                      5.3 s
    Number of calls to solve inverse equations:        8
    Average time taken in call:                     35.3 s
    Number of calls to calculate res. matrix:          0
    Average time taken in call:                      0.0 s


 >> Program ended normally

