

 >> R 3 t     E R T    M o d e l    v 2.31 <<

 >> Date: 30-05-2022
 >> My beautiful 3D survey                                                          
 >> A d v a n c e d   M e s h   I n p u t <<
 >> T e t r a h e d r a l   E l e m e n t   M e s h <<


 >> Parameterisation
    Total number of parameters:                  32557
    Number of elements with fixed resistivity:       0
    Number of parameter regularisation zones:        1
    Regularisation zone   1   alpha scalar:        1.0
 >> Reading resistivity model from res0.dat                                                                        

 >> L o g - D a t a   I n v e r s i o n <<
 >> N o r m a l   R e g u l a r i s a t i o n <<
    For   1000 measurements the memory needed is:          0.272 Gb
    For   2000 measurements the memory needed is:          0.532 Gb
    For   5000 measurements the memory needed is:          1.314 Gb
    For  10000 measurements the memory needed is:          2.617 Gb


 >> Number of measurements read: 2478

 >> Total Memory required is:          0.657 Gb


 Processing frame   1 - output to file f001.dat

   Iteration   1
     Initial RMS Misfit:         3.55      Number of data ignored:    30
     Alpha:          61.434   RMS Misfit:        0.24  Roughness:        1.103
     Step length set to      1.000
     Final RMS Misfit:        0.24
     Data misfit:           136.05
     Model misfit:           67.78
     Total misfit:          203.83
     Step length set to      0.713
     Final RMS Misfit:        1.03

 Solution converged - Outputing results to file

 Calculating sensitivity map

 End of data:  Terminating


    Timing Summary
    ==============
    Total time taken:                                32. s

    Percent time taken forming element equations:    0.1 %
    Percent time taken solving forward  equations:   5.3 %
    Percent time taken forming Jacobian:            13.8 %
    Percent time taken solving inverse equations:   78.4 %
    Percent time taken calculating res. matrix:      0.0 %

    Timing Details
    ==============
    Number of calls to form element equations:         4
    Average time taken in call:                      0.0 s
    Number of calls to solve forward equations:      288
    Average time taken in call:                      0.0 s
    Number of calls to form Jacobian:                  1
    Average time taken in call:                      4.3 s
    Number of calls to solve inverse equations:        1
    Average time taken in call:                     24.7 s
    Number of calls to calculate res. matrix:          0
    Average time taken in call:                      0.0 s


 >> Program ended normally

