

 >> R 3 t     E R T    M o d e l    v 2.31 <<

 >> Date: 15-07-2022
 >> My beautiful 3D survey                                                          
 >> A d v a n c e d   M e s h   I n p u t <<
 >> T e t r a h e d r a l   E l e m e n t   M e s h <<


 >> Parameterisation
    Total number of parameters:                  34178
    Number of elements with fixed resistivity:       0
    Number of parameter regularisation zones:        1
    Regularisation zone   1   alpha scalar:        1.0
 >> Reading resistivity model from res0.dat                                                                        

 >> L o g - D a t a   I n v e r s i o n <<
 >> N o r m a l   R e g u l a r i s a t i o n <<
    For   1000 measurements the memory needed is:          0.285 Gb
    For   2000 measurements the memory needed is:          0.559 Gb
    For   5000 measurements the memory needed is:          1.379 Gb
    For  10000 measurements the memory needed is:          2.747 Gb


 >> Number of measurements read: 2028

 >> Total Memory required is:          0.566 Gb


 Processing frame   1 - output to file f001.dat

   Iteration   1
     Initial RMS Misfit:        28.15      Number of data ignored:    18
     Alpha:       54274.884   RMS Misfit:        3.19  Roughness:        0.090
     Alpha:       25192.169   RMS Misfit:        3.14  Roughness:        0.103
     Alpha:       11693.169   RMS Misfit:        2.69  Roughness:        0.293
     Alpha:        5427.488   RMS Misfit:        2.42  Roughness:        0.501
     Alpha:        2519.217   RMS Misfit:        2.18  Roughness:        0.864
     Alpha:        1169.317   RMS Misfit:        2.02  Roughness:        1.365
     Alpha:         542.749   RMS Misfit:        1.94  Roughness:        2.151
     Alpha:         251.922   RMS Misfit:        1.97  Roughness:        3.328
     Step length set to      1.000
     Final RMS Misfit:        1.94
     Data misfit:          7581.57
     Model misfit:         1167.48
     Total misfit:         8749.06
     Attempted to update data weights and caused overshoot
     treating as converged

 Solution converged - Outputing results to file

 Calculating sensitivity map

 End of data:  Terminating


    Timing Summary
    ==============
    Total time taken:                               284. s

    Percent time taken forming element equations:    0.0 %
    Percent time taken solving forward  equations:   1.6 %
    Percent time taken forming Jacobian:             1.9 %
    Percent time taken solving inverse equations:   96.0 %
    Percent time taken calculating res. matrix:      0.0 %

    Timing Details
    ==============
    Number of calls to form element equations:         9
    Average time taken in call:                      0.0 s
    Number of calls to solve forward equations:      648
    Average time taken in call:                      0.0 s
    Number of calls to form Jacobian:                  1
    Average time taken in call:                      5.5 s
    Number of calls to solve inverse equations:        8
    Average time taken in call:                     34.1 s
    Number of calls to calculate res. matrix:          0
    Average time taken in call:                      0.0 s


 >> Program ended normally

