

 >> R 3 t     E R T    M o d e l    v 2.31 <<

 >> Date: 15-07-2022
 >> My beautiful 3D survey                                                          
 >> A d v a n c e d   M e s h   I n p u t <<
 >> T e t r a h e d r a l   E l e m e n t   M e s h <<


 >> Parameterisation
    Total number of parameters:                  34178
    Number of elements with fixed resistivity:       0
    Number of parameter regularisation zones:        1
    Regularisation zone   1   alpha scalar:        1.0
 >> Reading resistivity model from res0.dat                                                                        

 >> L o g - D a t a   I n v e r s i o n <<
 >> N o r m a l   R e g u l a r i s a t i o n <<
    For   1000 measurements the memory needed is:          0.285 Gb
    For   2000 measurements the memory needed is:          0.559 Gb
    For   5000 measurements the memory needed is:          1.379 Gb
    For  10000 measurements the memory needed is:          2.747 Gb


 >> Number of measurements read: 2027

 >> Total Memory required is:          0.566 Gb


 Processing frame   1 - output to file f001.dat

   Iteration   1
     Initial RMS Misfit:        29.61      Number of data ignored:     7
     Alpha:         430.714   RMS Misfit:        1.34  Roughness:        4.912
     Alpha:         199.920   RMS Misfit:        1.36  Roughness:        5.204
     Step length set to      1.000
     Final RMS Misfit:        1.34
     Data misfit:          3609.93
     Model misfit:         2115.47
     Total misfit:         5725.40
     Attempted to update data weights and caused overshoot
     treating as converged

 Solution converged - Outputing results to file

 Calculating sensitivity map

 End of data:  Terminating


    Timing Summary
    ==============
    Total time taken:                                48. s

    Percent time taken forming element equations:    0.1 %
    Percent time taken solving forward  equations:   3.4 %
    Percent time taken forming Jacobian:            12.0 %
    Percent time taken solving inverse equations:   82.0 %
    Percent time taken calculating res. matrix:      0.0 %

    Timing Details
    ==============
    Number of calls to form element equations:         3
    Average time taken in call:                      0.0 s
    Number of calls to solve forward equations:      216
    Average time taken in call:                      0.0 s
    Number of calls to form Jacobian:                  1
    Average time taken in call:                      5.7 s
    Number of calls to solve inverse equations:        2
    Average time taken in call:                     19.6 s
    Number of calls to calculate res. matrix:          0
    Average time taken in call:                      0.0 s


 >> Program ended normally

