

 >> R 3 t     E R T    M o d e l    v 2.31 <<

 >> Date: 15-07-2022
 >> My beautiful 3D survey                                                          
 >> A d v a n c e d   M e s h   I n p u t <<
 >> T e t r a h e d r a l   E l e m e n t   M e s h <<


 >> Parameterisation
    Total number of parameters:                  34178
    Number of elements with fixed resistivity:       0
    Number of parameter regularisation zones:        1
    Regularisation zone   1   alpha scalar:        1.0
 >> Reading resistivity model from res0.dat                                                                        

 >> L o g - D a t a   I n v e r s i o n <<
 >> N o r m a l   R e g u l a r i s a t i o n <<
    For   1000 measurements the memory needed is:          0.285 Gb
    For   2000 measurements the memory needed is:          0.559 Gb
    For   5000 measurements the memory needed is:          1.379 Gb
    For  10000 measurements the memory needed is:          2.747 Gb


 >> Number of measurements read: 2268

 >> Total Memory required is:          0.632 Gb


 Processing frame   1 - output to file f001.dat

   Iteration   1
     Initial RMS Misfit:        25.96      Number of data ignored:    29
     Alpha:       54279.144   RMS Misfit:        3.12  Roughness:        0.077
     Alpha:       25194.147   RMS Misfit:        3.08  Roughness:        0.089
     Alpha:       11694.087   RMS Misfit:        2.67  Roughness:        0.284
     Alpha:        5427.914   RMS Misfit:        2.41  Roughness:        0.521
     Alpha:        2519.415   RMS Misfit:        2.17  Roughness:        0.961
     Alpha:        1169.409   RMS Misfit:        2.05  Roughness:        1.547
     Alpha:         542.791   RMS Misfit:        2.17  Roughness:        2.436
     Step length set to      1.000
     Final RMS Misfit:        2.05
     Data misfit:          9451.92
     Model misfit:         1809.14
     Total misfit:        11261.05
     Updated data weights

   Iteration   2
     Initial RMS Misfit:         2.72      Number of data ignored:     6
     Alpha:         688.357   RMS Misfit:        1.37  Roughness:        2.341
     Alpha:         319.507   RMS Misfit:        1.34  Roughness:        2.850
     Alpha:         148.302   RMS Misfit:        1.32  Roughness:        3.492
     Alpha:          68.836   RMS Misfit:        1.32  Roughness:        4.479
     Alpha:          31.951   RMS Misfit:        1.33  Roughness:        5.759
     Step length set to      1.000
     Final RMS Misfit:        1.32
     Data misfit:          3952.14
     Model misfit:          308.29
     Total misfit:         4260.43
     Attempted to update data weights and caused overshoot
     treating as converged

 Solution converged - Outputing results to file

 Calculating sensitivity map

 End of data:  Terminating


    Timing Summary
    ==============
    Total time taken:                               352. s

    Percent time taken forming element equations:    0.0 %
    Percent time taken solving forward  equations:   1.5 %
    Percent time taken forming Jacobian:             2.6 %
    Percent time taken solving inverse equations:   95.6 %
    Percent time taken calculating res. matrix:      0.0 %

    Timing Details
    ==============
    Number of calls to form element equations:        13
    Average time taken in call:                      0.0 s
    Number of calls to solve forward equations:      936
    Average time taken in call:                      0.0 s
    Number of calls to form Jacobian:                  2
    Average time taken in call:                      4.6 s
    Number of calls to solve inverse equations:       12
    Average time taken in call:                     28.0 s
    Number of calls to calculate res. matrix:          0
    Average time taken in call:                      0.0 s


 >> Program ended normally

