

 >> R 3 t     E R T    M o d e l    v 2.31 <<

 >> Date: 19-07-2023
 >> My beautiful 3D survey                                                          
 >> A d v a n c e d   M e s h   I n p u t <<
 >> T e t r a h e d r a l   E l e m e n t   M e s h <<


 >> Parameterisation
    Total number of parameters:                  41878
    Number of elements with fixed resistivity:       0
    Number of parameter regularisation zones:        1
    Regularisation zone   1   alpha scalar:        1.0
 >> Reading resistivity model from res0.dat                                                                        

 >> L o g - D a t a   I n v e r s i o n <<
 >> N o r m a l   R e g u l a r i s a t i o n <<
    For   1000 measurements the memory needed is:          0.349 Gb
    For   2000 measurements the memory needed is:          0.684 Gb
    For   5000 measurements the memory needed is:          1.690 Gb
    For  10000 measurements the memory needed is:          3.365 Gb


 >> Number of measurements read: 1493

 >> Total Memory required is:          0.514 Gb


 Processing frame   1 - output to file f001.dat

   Iteration   1
     Initial RMS Misfit:        29.83      Number of data ignored:    12
     Alpha:         489.380   RMS Misfit:        1.48  Roughness:        2.858
     Alpha:         227.150   RMS Misfit:        1.47  Roughness:        3.031
     Alpha:         105.434   RMS Misfit:        1.51  Roughness:        5.221
     Step length set to      1.000
     Final RMS Misfit:        1.47
     Data misfit:          3219.19
     Model misfit:          688.55
     Total misfit:         3907.74
     Attempted to update data weights and caused overshoot
     treating as converged

 Solution converged - Outputing results to file

 Calculating sensitivity map

 End of data:  Terminating


    Timing Summary
    ==============
    Total time taken:                                58. s

    Percent time taken forming element equations:    0.1 %
    Percent time taken solving forward  equations:   3.3 %
    Percent time taken forming Jacobian:             7.0 %
    Percent time taken solving inverse equations:   88.1 %
    Percent time taken calculating res. matrix:      0.0 %

    Timing Details
    ==============
    Number of calls to form element equations:         4
    Average time taken in call:                      0.0 s
    Number of calls to solve forward equations:      288
    Average time taken in call:                      0.0 s
    Number of calls to form Jacobian:                  1
    Average time taken in call:                      4.0 s
    Number of calls to solve inverse equations:        3
    Average time taken in call:                     16.9 s
    Number of calls to calculate res. matrix:          0
    Average time taken in call:                      0.0 s


 >> Program ended normally

