

 >> R 3 t     E R T    M o d e l    v 2.31 <<

 >> Date: 19-07-2023
 >> My beautiful 3D survey                                                          
 >> A d v a n c e d   M e s h   I n p u t <<
 >> T e t r a h e d r a l   E l e m e n t   M e s h <<


 >> Parameterisation
    Total number of parameters:                  41878
    Number of elements with fixed resistivity:       0
    Number of parameter regularisation zones:        1
    Regularisation zone   1   alpha scalar:        1.0
 >> Reading resistivity model from res0.dat                                                                        

 >> L o g - D a t a   I n v e r s i o n <<
 >> N o r m a l   R e g u l a r i s a t i o n <<
    For   1000 measurements the memory needed is:          0.349 Gb
    For   2000 measurements the memory needed is:          0.684 Gb
    For   5000 measurements the memory needed is:          1.690 Gb
    For  10000 measurements the memory needed is:          3.365 Gb


 >> Number of measurements read:  980

 >> Total Memory required is:          0.342 Gb


 Processing frame   1 - output to file f001.dat

   Iteration   1
     Initial RMS Misfit:        30.37      Number of data ignored:     5
     Alpha:         104.221   RMS Misfit:        1.85  Roughness:        8.265
     Alpha:          48.375   RMS Misfit:        1.92  Roughness:        8.695
     Step length set to      1.000
     Final RMS Misfit:        1.85
     Data misfit:          3339.24
     Model misfit:          861.36
     Total misfit:         4200.60
     Updated data weights

   Iteration   2
     Initial RMS Misfit:         1.82      Number of data ignored:     1
     Alpha:          57.203   RMS Misfit:        0.57  Roughness:        7.823
     Step length set to      1.000
     Final RMS Misfit:        0.57
     Data misfit:           322.32
     Model misfit:          447.48
     Total misfit:          769.80
     Step length set to      0.349
     Final RMS Misfit:        0.79

 Solution converged - Outputing results to file

 Calculating sensitivity map

 End of data:  Terminating


    Timing Summary
    ==============
    Total time taken:                                39. s

    Percent time taken forming element equations:    0.2 %
    Percent time taken solving forward  equations:   7.5 %
    Percent time taken forming Jacobian:            15.3 %
    Percent time taken solving inverse equations:   73.9 %
    Percent time taken calculating res. matrix:      0.0 %

    Timing Details
    ==============
    Number of calls to form element equations:         6
    Average time taken in call:                      0.0 s
    Number of calls to solve forward equations:      432
    Average time taken in call:                      0.0 s
    Number of calls to form Jacobian:                  2
    Average time taken in call:                      3.0 s
    Number of calls to solve inverse equations:        3
    Average time taken in call:                      9.6 s
    Number of calls to calculate res. matrix:          0
    Average time taken in call:                      0.0 s


 >> Program ended normally

