

 >> R 3 t     E R T    M o d e l    v 2.31 <<

 >> Date: 23-05-2022
 >> My beautiful 3D survey                                                          
 >> A d v a n c e d   M e s h   I n p u t <<
 >> T e t r a h e d r a l   E l e m e n t   M e s h <<


 >> Parameterisation
    Total number of parameters:                  32557
    Number of elements with fixed resistivity:       0
    Number of parameter regularisation zones:        1
    Regularisation zone   1   alpha scalar:        1.0
 >> Reading resistivity model from res0.dat                                                                        

 >> L o g - D a t a   I n v e r s i o n <<
 >> N o r m a l   R e g u l a r i s a t i o n <<
    For   1000 measurements the memory needed is:          0.272 Gb
    For   2000 measurements the memory needed is:          0.532 Gb
    For   5000 measurements the memory needed is:          1.314 Gb
    For  10000 measurements the memory needed is:          2.617 Gb


 >> Number of measurements read: 1703

 >> Total Memory required is:          0.455 Gb


 Processing frame   1 - output to file f001.dat

   Iteration   1
     Initial RMS Misfit:        69.49      Number of data ignored:    11
     Alpha:        4724.727   RMS Misfit:        3.22  Roughness:        1.589
     Alpha:        2193.024   RMS Misfit:        3.18  Roughness:        1.685
     Alpha:        1017.912   RMS Misfit:        2.85  Roughness:        2.900
     Alpha:         472.473   RMS Misfit:        2.72  Roughness:        4.108
     Alpha:         219.302   RMS Misfit:        2.65  Roughness:        6.083
     Alpha:         101.791   RMS Misfit:        2.63  Roughness:        8.781
     Alpha:          47.247   RMS Misfit:        2.62  Roughness:       13.433
     Alpha:          21.930   RMS Misfit:        2.68  Roughness:       21.790
     Step length set to      1.000
     Final RMS Misfit:        2.62
     Data misfit:         11641.92
     Model misfit:          634.66
     Total misfit:        12276.58
     Updated data weights

   Iteration   2
     Initial RMS Misfit:         3.09      Number of data ignored:     0
     Alpha:          27.204   RMS Misfit:        0.98  Roughness:       10.509
     Step length set to      1.000
     Final RMS Misfit:        0.98
     Data misfit:          1628.90
     Model misfit:          285.88
     Total misfit:         1914.79
     Step length set to      0.965
     Final RMS Misfit:        1.00

 Solution converged - Outputing results to file

 Calculating sensitivity map

 End of data:  Terminating


    Timing Summary
    ==============
    Total time taken:                               159. s

    Percent time taken forming element equations:    0.1 %
    Percent time taken solving forward  equations:   2.7 %
    Percent time taken forming Jacobian:             4.0 %
    Percent time taken solving inverse equations:   92.6 %
    Percent time taken calculating res. matrix:      0.0 %

    Timing Details
    ==============
    Number of calls to form element equations:        12
    Average time taken in call:                      0.0 s
    Number of calls to solve forward equations:      864
    Average time taken in call:                      0.0 s
    Number of calls to form Jacobian:                  2
    Average time taken in call:                      3.2 s
    Number of calls to solve inverse equations:        9
    Average time taken in call:                     16.4 s
    Number of calls to calculate res. matrix:          0
    Average time taken in call:                      0.0 s


 >> Program ended normally

