

 >> R 3 t     E R T    M o d e l    v 2.31 <<

 >> Date: 20-07-2022
 >> My beautiful 3D survey                                                          
 >> A d v a n c e d   M e s h   I n p u t <<
 >> T e t r a h e d r a l   E l e m e n t   M e s h <<

 >> Reading resistivity model from resistivity.dat                                                                 
    For   1000 measurements the memory needed is:          0.009 Gb
    For   2000 measurements the memory needed is:          0.009 Gb
    For   5000 measurements the memory needed is:          0.009 Gb
    For  10000 measurements the memory needed is:          0.009 Gb


 >> Number of measurements read:    1

 >> Total Memory required is:          0.009 Gb


    Timing Summary
    ==============
    Total time taken:                                 2. s

    Percent time taken forming element equations:    0.9 %
    Percent time taken solving forward  equations:  49.5 %
    Percent time taken forming Jacobian:             0.0 %
    Percent time taken solving inverse equations:    0.0 %
    Percent time taken calculating res. matrix:      0.0 %

    Timing Details
    ==============
    Number of calls to form element equations:         1
    Average time taken in call:                      0.0 s
    Number of calls to solve forward equations:       72
    Average time taken in call:                      0.0 s
    Number of calls to form Jacobian:                  0
    Average time taken in call:                      0.0 s
    Number of calls to solve inverse equations:        0
    Average time taken in call:                      0.0 s
    Number of calls to calculate res. matrix:          0
    Average time taken in call:                      0.0 s


 >> Program ended normally

