

 >> R 3 t     E R T    M o d e l    v 2.31 <<

 >> Date: 29-05-2022
 >> My beautiful 3D survey                                                          
 >> A d v a n c e d   M e s h   I n p u t <<
 >> T e t r a h e d r a l   E l e m e n t   M e s h <<


 >> Parameterisation
    Total number of parameters:                  32557
    Number of elements with fixed resistivity:       0
    Number of parameter regularisation zones:        1
    Regularisation zone   1   alpha scalar:        1.0
 >> Reading resistivity model from res0.dat                                                                        

 >> L o g - D a t a   I n v e r s i o n <<
 >> N o r m a l   R e g u l a r i s a t i o n <<
    For   1000 measurements the memory needed is:          0.272 Gb
    For   2000 measurements the memory needed is:          0.532 Gb
    For   5000 measurements the memory needed is:          1.314 Gb
    For  10000 measurements the memory needed is:          2.617 Gb


 >> Number of measurements read: 2456

 >> Total Memory required is:          0.651 Gb


 Processing frame   1 - output to file f001.dat

   Iteration   1
     Initial RMS Misfit:        13.87      Number of data ignored:    21
     Alpha:         278.063   RMS Misfit:        0.80  Roughness:        2.051
     Step length set to      1.000
     Final RMS Misfit:        0.80
     Data misfit:          1540.35
     Model misfit:          570.40
     Total misfit:         2110.75

 Solution converged - Outputing results to file

 Calculating sensitivity map

 End of data:  Terminating


    Timing Summary
    ==============
    Total time taken:                                31. s

    Percent time taken forming element equations:    0.1 %
    Percent time taken solving forward  equations:   5.3 %
    Percent time taken forming Jacobian:            13.4 %
    Percent time taken solving inverse equations:   78.6 %
    Percent time taken calculating res. matrix:      0.0 %

    Timing Details
    ==============
    Number of calls to form element equations:         4
    Average time taken in call:                      0.0 s
    Number of calls to solve forward equations:      288
    Average time taken in call:                      0.0 s
    Number of calls to form Jacobian:                  1
    Average time taken in call:                      4.1 s
    Number of calls to solve inverse equations:        1
    Average time taken in call:                     24.2 s
    Number of calls to calculate res. matrix:          0
    Average time taken in call:                      0.0 s


 >> Program ended normally

