

 >> R 3 t     E R T    M o d e l    v 2.31 <<

 >> Date: 19-07-2023
 >> My beautiful 3D survey                                                          
 >> A d v a n c e d   M e s h   I n p u t <<
 >> T e t r a h e d r a l   E l e m e n t   M e s h <<


 >> Parameterisation
    Total number of parameters:                  41878
    Number of elements with fixed resistivity:       0
    Number of parameter regularisation zones:        1
    Regularisation zone   1   alpha scalar:        1.0
 >> Reading resistivity model from res0.dat                                                                        

 >> L o g - D a t a   I n v e r s i o n <<
 >> N o r m a l   R e g u l a r i s a t i o n <<
    For   1000 measurements the memory needed is:          0.349 Gb
    For   2000 measurements the memory needed is:          0.684 Gb
    For   5000 measurements the memory needed is:          1.690 Gb
    For  10000 measurements the memory needed is:          3.365 Gb


 >> Number of measurements read: 2260

 >> Total Memory required is:          0.771 Gb


 Processing frame   1 - output to file f001.dat

   Iteration   1
     Initial RMS Misfit:        28.74      Number of data ignored:    17
     Alpha:         442.340   RMS Misfit:        1.23  Roughness:        3.555
     Alpha:         205.316   RMS Misfit:        1.23  Roughness:        3.748
     Alpha:          95.299   RMS Misfit:        1.20  Roughness:        6.181
     Alpha:          44.234   RMS Misfit:        1.22  Roughness:        8.657
     Step length set to      1.000
     Final RMS Misfit:        1.20
     Data misfit:          3230.13
     Model misfit:          589.05
     Total misfit:         3819.18
     Attempted to update data weights and caused overshoot
     treating as converged

 Solution converged - Outputing results to file

 Calculating sensitivity map

 End of data:  Terminating


    Timing Summary
    ==============
    Total time taken:                               123. s

    Percent time taken forming element equations:    0.0 %
    Percent time taken solving forward  equations:   2.0 %
    Percent time taken forming Jacobian:             4.0 %
    Percent time taken solving inverse equations:   93.2 %
    Percent time taken calculating res. matrix:      0.0 %

    Timing Details
    ==============
    Number of calls to form element equations:         5
    Average time taken in call:                      0.0 s
    Number of calls to solve forward equations:      360
    Average time taken in call:                      0.0 s
    Number of calls to form Jacobian:                  1
    Average time taken in call:                      4.9 s
    Number of calls to solve inverse equations:        4
    Average time taken in call:                     28.7 s
    Number of calls to calculate res. matrix:          0
    Average time taken in call:                      0.0 s


 >> Program ended normally

