

 >> R 3 t     E R T    M o d e l    v 2.31 <<

 >> Date: 15-07-2022
 >> My beautiful 3D survey                                                          
 >> A d v a n c e d   M e s h   I n p u t <<
 >> T e t r a h e d r a l   E l e m e n t   M e s h <<


 >> Parameterisation
    Total number of parameters:                  34178
    Number of elements with fixed resistivity:       0
    Number of parameter regularisation zones:        1
    Regularisation zone   1   alpha scalar:        1.0
 >> Reading resistivity model from res0.dat                                                                        

 >> L o g - D a t a   I n v e r s i o n <<
 >> N o r m a l   R e g u l a r i s a t i o n <<
    For   1000 measurements the memory needed is:          0.285 Gb
    For   2000 measurements the memory needed is:          0.559 Gb
    For   5000 measurements the memory needed is:          1.379 Gb
    For  10000 measurements the memory needed is:          2.747 Gb


 >> Number of measurements read: 2109

 >> Total Memory required is:          0.588 Gb


 Processing frame   1 - output to file f001.dat

   Iteration   1
     Initial RMS Misfit:        23.78      Number of data ignored:    27
     Alpha:       17016.573   RMS Misfit:        2.20  Roughness:        0.287
     Alpha:        7898.394   RMS Misfit:        2.15  Roughness:        0.310
     Alpha:        3666.110   RMS Misfit:        1.87  Roughness:        0.610
     Alpha:        1701.657   RMS Misfit:        1.85  Roughness:        0.928
     Alpha:         789.839   RMS Misfit:        1.89  Roughness:        1.546
     Step length set to      1.000
     Final RMS Misfit:        1.85
     Data misfit:          7118.77
     Model misfit:         1578.35
     Total misfit:         8697.12
     Updated data weights

   Iteration   2
     Initial RMS Misfit:         2.34      Number of data ignored:    12
     Alpha:         981.055   RMS Misfit:        1.19  Roughness:        1.659
     Alpha:         455.366   RMS Misfit:        1.12  Roughness:        2.173
     Alpha:         211.362   RMS Misfit:        1.05  Roughness:        3.008
     Alpha:          98.106   RMS Misfit:        1.00  Roughness:        4.134
     Alpha:          45.537   RMS Misfit:        0.98  Roughness:        5.534
     Step length set to      1.000
     Final RMS Misfit:        0.98
     Data misfit:          2025.99
     Model misfit:          251.99
     Total misfit:         2277.98
     Step length set to      0.979
     Final RMS Misfit:        1.00

 Solution converged - Outputing results to file

 Calculating sensitivity map

 End of data:  Terminating


    Timing Summary
    ==============
    Total time taken:                               273. s

    Percent time taken forming element equations:    0.1 %
    Percent time taken solving forward  equations:   2.3 %
    Percent time taken forming Jacobian:             3.9 %
    Percent time taken solving inverse equations:   93.2 %
    Percent time taken calculating res. matrix:      0.0 %

    Timing Details
    ==============
    Number of calls to form element equations:        13
    Average time taken in call:                      0.0 s
    Number of calls to solve forward equations:      936
    Average time taken in call:                      0.0 s
    Number of calls to form Jacobian:                  2
    Average time taken in call:                      5.3 s
    Number of calls to solve inverse equations:       10
    Average time taken in call:                     25.4 s
    Number of calls to calculate res. matrix:          0
    Average time taken in call:                      0.0 s


 >> Program ended normally

