

 >> R 3 t     E R T    M o d e l    v 2.31 <<

 >> Date: 01-09-2022
 >> My beautiful 3D survey                                                          
 >> A d v a n c e d   M e s h   I n p u t <<
 >> T e t r a h e d r a l   E l e m e n t   M e s h <<


 >> Parameterisation
    Total number of parameters:                  33364
    Number of elements with fixed resistivity:       0
    Number of parameter regularisation zones:        1
    Regularisation zone   1   alpha scalar:        1.0
 >> Reading resistivity model from res0.dat                                                                        

 >> L o g - D a t a   I n v e r s i o n <<
 >> N o r m a l   R e g u l a r i s a t i o n <<
    For   1000 measurements the memory needed is:          0.278 Gb
    For   2000 measurements the memory needed is:          0.545 Gb
    For   5000 measurements the memory needed is:          1.347 Gb
    For  10000 measurements the memory needed is:          2.682 Gb


 >> Number of measurements read: 2230

 >> Total Memory required is:          0.607 Gb


 Processing frame   1 - output to file f001.dat

   Iteration   1
     Initial RMS Misfit:        25.31      Number of data ignored:    29
     Alpha:       21257.210   RMS Misfit:        2.74  Roughness:        0.189
     Alpha:        9866.723   RMS Misfit:        2.71  Roughness:        0.213
     Alpha:        4579.727   RMS Misfit:        2.38  Roughness:        0.552
     Alpha:        2125.721   RMS Misfit:        2.22  Roughness:        0.920
