

 >> R 3 t     E R T    M o d e l    v 2.31 <<

 >> Date: 20-07-2022
 >> My beautiful 3D survey                                                          
 >> A d v a n c e d   M e s h   I n p u t <<
 >> T e t r a h e d r a l   E l e m e n t   M e s h <<


 >> Parameterisation
    Total number of parameters:                  38427
    Number of elements with fixed resistivity:       0
    Number of parameter regularisation zones:        1
    Regularisation zone   1   alpha scalar:        1.0
 >> Reading resistivity model from res0.dat                                                                        

 >> L o g - D a t a   I n v e r s i o n <<
 >> N o r m a l   R e g u l a r i s a t i o n <<
    For   1000 measurements the memory needed is:          0.320 Gb
    For   2000 measurements the memory needed is:          0.628 Gb
    For   5000 measurements the memory needed is:          1.551 Gb
    For  10000 measurements the memory needed is:          3.088 Gb


 >> Number of measurements read: 2238

 >> Total Memory required is:          0.701 Gb


 Processing frame   1 - output to file f001.dat

   Iteration   1
     Initial RMS Misfit:        33.45      Number of data ignored:    11
     Alpha:       17577.737   RMS Misfit:        4.40  Roughness:        1.108
     Alpha:        8158.863   RMS Misfit:        4.32  Roughness:        1.214
     Alpha:        3787.009   RMS Misfit:        3.83  Roughness:        2.620
     Alpha:        1757.774   RMS Misfit:        5.07  Roughness:        4.086
     Step length set to      1.000
     Final RMS Misfit:        3.83
     Data misfit:         32727.22
     Model misfit:         9920.61
     Total misfit:        42647.83
     Updated data weights

   Iteration   2
     Initial RMS Misfit:         2.75      Number of data ignored:     5
     Alpha:        2205.888   RMS Misfit:        1.78  Roughness:        3.235
     Alpha:        1023.883   RMS Misfit:        1.55  Roughness:        4.277
     Alpha:         475.244   RMS Misfit:        1.33  Roughness:        5.618
     Alpha:         220.589   RMS Misfit:        1.18  Roughness:        7.399
     Alpha:         102.388   RMS Misfit:        1.11  Roughness:        9.499
     Alpha:          47.524   RMS Misfit:        1.09  Roughness:       11.942
     Alpha:          22.059   RMS Misfit:        1.10  Roughness:       14.888
     Step length set to      1.000
     Final RMS Misfit:        1.09
     Data misfit:          2662.64
     Model misfit:          567.55
     Total misfit:         3230.19
     Attempted to update data weights and caused overshoot
     treating as converged

 Solution converged - Outputing results to file

 Calculating sensitivity map

 End of data:  Terminating


    Timing Summary
    ==============
    Total time taken:                               363. s

    Percent time taken forming element equations:    0.0 %
    Percent time taken solving forward  equations:   1.6 %
    Percent time taken forming Jacobian:             2.6 %
    Percent time taken solving inverse equations:   95.4 %
    Percent time taken calculating res. matrix:      0.0 %

    Timing Details
    ==============
    Number of calls to form element equations:        12
    Average time taken in call:                      0.0 s
    Number of calls to solve forward equations:      864
    Average time taken in call:                      0.0 s
    Number of calls to form Jacobian:                  2
    Average time taken in call:                      4.8 s
    Number of calls to solve inverse equations:       11
    Average time taken in call:                     31.5 s
    Number of calls to calculate res. matrix:          0
    Average time taken in call:                      0.0 s


 >> Program ended normally

