

 >> R 3 t     E R T    M o d e l    v 2.31 <<

 >> Date: 23-05-2022
 >> My beautiful 3D survey                                                          
 >> A d v a n c e d   M e s h   I n p u t <<
 >> T e t r a h e d r a l   E l e m e n t   M e s h <<


 >> Parameterisation
    Total number of parameters:                  32557
    Number of elements with fixed resistivity:       0
    Number of parameter regularisation zones:        1
    Regularisation zone   1   alpha scalar:        1.0
 >> Reading resistivity model from Start_res.dat                                                                   

 >> L o g - D a t a   I n v e r s i o n <<
 >> D i f f e r e n c e   R e g u l a r i s a t i o n <<
    For   1000 measurements the memory needed is:          0.272 Gb
    For   2000 measurements the memory needed is:          0.532 Gb
    For   5000 measurements the memory needed is:          1.314 Gb
    For  10000 measurements the memory needed is:          2.617 Gb


 >> Number of measurements read: 3096

 >> Total Memory required is:          0.818 Gb


 Processing frame   1 - output to file f001.dat

   Iteration   1
     Initial RMS Misfit:        67.75      Number of data ignored:     8
     Alpha:         624.499   RMS Misfit:        2.62  Roughness:        6.112
     Alpha:         289.867   RMS Misfit:        2.85  Roughness:        6.353
     Step length set to      1.000
     Final RMS Misfit:        2.62
     Data misfit:         21203.76
     Model misfit:         3816.86
     Total misfit:        25020.62
     Updated data weights

   Iteration   2
     Initial RMS Misfit:         1.94      Number of data ignored:     4
     Alpha:         339.356   RMS Misfit:        1.93  Roughness:        6.149
     Alpha:         157.515   RMS Misfit:        1.77  Roughness:        7.429
     Alpha:          73.112   RMS Misfit:        1.39  Roughness:        8.437
     Alpha:          33.936   RMS Misfit:        1.16  Roughness:        9.678
     Alpha:          15.752   RMS Misfit:        1.00  Roughness:       10.735
     Step length set to      1.000
     Final RMS Misfit:        1.00
     Data misfit:          3075.85
     Model misfit:          169.09
     Total misfit:         3244.94

 Solution converged - Outputing results to file

 Calculating sensitivity map

 End of data:  Terminating


    Timing Summary
    ==============
    Total time taken:                               144. s

    Percent time taken forming element equations:    0.1 %
    Percent time taken solving forward  equations:   2.5 %
    Percent time taken forming Jacobian:             6.7 %
    Percent time taken solving inverse equations:   89.9 %
    Percent time taken calculating res. matrix:      0.0 %

    Timing Details
    ==============
    Number of calls to form element equations:        10
    Average time taken in call:                      0.0 s
    Number of calls to solve forward equations:      720
    Average time taken in call:                      0.0 s
    Number of calls to form Jacobian:                  2
    Average time taken in call:                      4.8 s
    Number of calls to solve inverse equations:        7
    Average time taken in call:                     18.5 s
    Number of calls to calculate res. matrix:          0
    Average time taken in call:                      0.0 s


 >> Program ended normally

