

 >> R 3 t     E R T    M o d e l    v 2.31 <<

 >> Date: 02-06-2022
 >> My beautiful 3D survey                                                          
 >> A d v a n c e d   M e s h   I n p u t <<
 >> T e t r a h e d r a l   E l e m e n t   M e s h <<


 >> Parameterisation
    Total number of parameters:                  32557
    Number of elements with fixed resistivity:       0
    Number of parameter regularisation zones:        1
    Regularisation zone   1   alpha scalar:        1.0
 >> Reading resistivity model from Start_res.dat                                                                   

 >> L o g - D a t a   I n v e r s i o n <<
 >> B a c k g r o u n d   R e g u l a r i s a t i o n <<
    For   1000 measurements the memory needed is:          0.272 Gb
    For   2000 measurements the memory needed is:          0.532 Gb
    For   5000 measurements the memory needed is:          1.314 Gb
    For  10000 measurements the memory needed is:          2.617 Gb


 >> Number of measurements read: 2048

 >> Total Memory required is:          0.545 Gb


 Processing frame   1 - output to file f001.dat

   Iteration   1
     Initial RMS Misfit:         6.20      Number of data ignored:     3
     Alpha:        2947.875   RMS Misfit:        5.78  Roughness:        1.299
     Alpha:        1368.283   RMS Misfit:        5.73  Roughness:        1.718
     Alpha:         635.100   RMS Misfit:        5.37  Roughness:        8.144
     Alpha:         294.788   RMS Misfit:        4.99  Roughness:       21.807
     Alpha:         136.828   RMS Misfit:        4.30  Roughness:       65.948
     Alpha:          63.510   RMS Misfit:        3.54  Roughness:      152.238
     Alpha:          29.479   RMS Misfit:        2.77  Roughness:      292.116
     Alpha:          13.683   RMS Misfit:        2.17  Roughness:      466.147
     Alpha:           6.351   RMS Misfit:        1.74  Roughness:      669.342
     Alpha:           2.948   RMS Misfit:        1.45  Roughness:      917.470
     Step length set to      1.000
     Final RMS Misfit:        1.45
     Data misfit:          4300.06
     Model misfit:         2704.59
     Total misfit:         7004.65
     Attempted to update data weights and caused overshoot
     treating as converged

 Solution converged - Outputing results to file

 Calculating sensitivity map

 End of data:  Terminating


    Timing Summary
    ==============
    Total time taken:                                95. s

    Percent time taken forming element equations:    0.1 %
    Percent time taken solving forward  equations:   4.5 %
    Percent time taken forming Jacobian:             4.7 %
    Percent time taken solving inverse equations:   89.7 %
    Percent time taken calculating res. matrix:      0.0 %

    Timing Details
    ==============
    Number of calls to form element equations:        11
    Average time taken in call:                      0.0 s
    Number of calls to solve forward equations:      792
    Average time taken in call:                      0.0 s
    Number of calls to form Jacobian:                  1
    Average time taken in call:                      4.5 s
    Number of calls to solve inverse equations:       10
    Average time taken in call:                      8.5 s
    Number of calls to calculate res. matrix:          0
    Average time taken in call:                      0.0 s


 >> Program ended normally

