

 >> R 3 t     E R T    M o d e l    v 2.31 <<

 >> Date: 29-05-2022
 >> My beautiful 3D survey                                                          
 >> A d v a n c e d   M e s h   I n p u t <<
 >> T e t r a h e d r a l   E l e m e n t   M e s h <<


 >> Parameterisation
    Total number of parameters:                  32557
    Number of elements with fixed resistivity:       0
    Number of parameter regularisation zones:        1
    Regularisation zone   1   alpha scalar:        1.0
 >> Reading resistivity model from Start_res.dat                                                                   

 >> L o g - D a t a   I n v e r s i o n <<
 >> B a c k g r o u n d   R e g u l a r i s a t i o n <<
    For   1000 measurements the memory needed is:          0.272 Gb
    For   2000 measurements the memory needed is:          0.532 Gb
    For   5000 measurements the memory needed is:          1.314 Gb
    For  10000 measurements the memory needed is:          2.617 Gb


 >> Number of measurements read: 2452

 >> Total Memory required is:          0.650 Gb


 Processing frame   1 - output to file f001.dat

   Iteration   1
     Initial RMS Misfit:         1.83      Number of data ignored:     4
     Alpha:         274.296   RMS Misfit:        1.61  Roughness:        2.612
     Alpha:         127.317   RMS Misfit:        1.58  Roughness:        3.460
     Alpha:          59.095   RMS Misfit:        1.37  Roughness:       15.403
     Alpha:          27.430   RMS Misfit:        1.18  Roughness:       35.518
     Alpha:          12.732   RMS Misfit:        0.92  Roughness:       79.731
     Step length set to      1.000
     Final RMS Misfit:        0.92
     Data misfit:          2073.55
     Model misfit:         1015.11
     Total misfit:         3088.66
     Step length set to      0.899
     Final RMS Misfit:        1.00

 Solution converged - Outputing results to file

 Calculating sensitivity map

 End of data:  Terminating


    Timing Summary
    ==============
    Total time taken:                                23. s

    Percent time taken forming element equations:    0.3 %
    Percent time taken solving forward  equations:  13.6 %
    Percent time taken forming Jacobian:            18.4 %
    Percent time taken solving inverse equations:   64.2 %
    Percent time taken calculating res. matrix:      0.0 %

    Timing Details
    ==============
    Number of calls to form element equations:         8
    Average time taken in call:                      0.0 s
    Number of calls to solve forward equations:      576
    Average time taken in call:                      0.0 s
    Number of calls to form Jacobian:                  1
    Average time taken in call:                      4.3 s
    Number of calls to solve inverse equations:        5
    Average time taken in call:                      3.0 s
    Number of calls to calculate res. matrix:          0
    Average time taken in call:                      0.0 s


 >> Program ended normally

