

 >> R 3 t     E R T    M o d e l    v 2.31 <<

 >> Date: 19-07-2023
 >> My beautiful 3D survey                                                          
 >> A d v a n c e d   M e s h   I n p u t <<
 >> T e t r a h e d r a l   E l e m e n t   M e s h <<


 >> Parameterisation
    Total number of parameters:                  41878
    Number of elements with fixed resistivity:       0
    Number of parameter regularisation zones:        1
    Regularisation zone   1   alpha scalar:        1.0
 >> Reading resistivity model from res0.dat                                                                        

 >> L o g - D a t a   I n v e r s i o n <<
 >> N o r m a l   R e g u l a r i s a t i o n <<
    For   1000 measurements the memory needed is:          0.349 Gb
    For   2000 measurements the memory needed is:          0.684 Gb
    For   5000 measurements the memory needed is:          1.690 Gb
    For  10000 measurements the memory needed is:          3.365 Gb


 >> Number of measurements read: 2027

 >> Total Memory required is:          0.693 Gb


 Processing frame   1 - output to file f001.dat

   Iteration   1
     Initial RMS Misfit:        29.99      Number of data ignored:     7
     Alpha:         286.463   RMS Misfit:        2.04  Roughness:        7.171
     Alpha:         132.964   RMS Misfit:        2.19  Roughness:        7.569
     Step length set to      1.000
     Final RMS Misfit:        2.04
     Data misfit:          8368.40
     Model misfit:         2054.29
     Total misfit:        10422.69
     Attempted to update data weights and caused overshoot
     treating as converged

 Solution converged - Outputing results to file

 Calculating sensitivity map

 End of data:  Terminating


    Timing Summary
    ==============
    Total time taken:                                44. s

    Percent time taken forming element equations:    0.1 %
    Percent time taken solving forward  equations:   3.3 %
    Percent time taken forming Jacobian:            11.7 %
    Percent time taken solving inverse equations:   82.7 %
    Percent time taken calculating res. matrix:      0.0 %

    Timing Details
    ==============
    Number of calls to form element equations:         3
    Average time taken in call:                      0.0 s
    Number of calls to solve forward equations:      216
    Average time taken in call:                      0.0 s
    Number of calls to form Jacobian:                  1
    Average time taken in call:                      5.1 s
    Number of calls to solve inverse equations:        2
    Average time taken in call:                     18.1 s
    Number of calls to calculate res. matrix:          0
    Average time taken in call:                      0.0 s


 >> Program ended normally

