

 >> R 3 t     E R T    M o d e l    v 2.31 <<

 >> Date: 20-07-2022
 >> My beautiful 3D survey                                                          
 >> A d v a n c e d   M e s h   I n p u t <<
 >> T e t r a h e d r a l   E l e m e n t   M e s h <<


 >> Parameterisation
    Total number of parameters:                  38427
    Number of elements with fixed resistivity:       0
    Number of parameter regularisation zones:        1
    Regularisation zone   1   alpha scalar:        1.0
 >> Reading resistivity model from res0.dat                                                                        

 >> L o g - D a t a   I n v e r s i o n <<
 >> N o r m a l   R e g u l a r i s a t i o n <<
    For   1000 measurements the memory needed is:          0.320 Gb
    For   2000 measurements the memory needed is:          0.628 Gb
    For   5000 measurements the memory needed is:          1.551 Gb
    For  10000 measurements the memory needed is:          3.088 Gb


 >> Number of measurements read:  980

 >> Total Memory required is:          0.314 Gb


 Processing frame   1 - output to file f001.dat

   Iteration   1
     Initial RMS Misfit:        30.47      Number of data ignored:     6
     Alpha:         122.595   RMS Misfit:        1.24  Roughness:        6.948
     Alpha:          56.904   RMS Misfit:        1.26  Roughness:        7.309
     Step length set to      1.000
     Final RMS Misfit:        1.24
     Data misfit:          1508.75
     Model misfit:          851.73
     Total misfit:         2360.48
     Attempted to update data weights and caused overshoot
     treating as converged

 Solution converged - Outputing results to file

 Calculating sensitivity map

 End of data:  Terminating


    Timing Summary
    ==============
    Total time taken:                                25. s

    Percent time taken forming element equations:    0.1 %
    Percent time taken solving forward  equations:   5.7 %
    Percent time taken forming Jacobian:            11.5 %
    Percent time taken solving inverse equations:   79.5 %
    Percent time taken calculating res. matrix:      0.0 %

    Timing Details
    ==============
    Number of calls to form element equations:         3
    Average time taken in call:                      0.0 s
    Number of calls to solve forward equations:      216
    Average time taken in call:                      0.0 s
    Number of calls to form Jacobian:                  1
    Average time taken in call:                      2.9 s
    Number of calls to solve inverse equations:        2
    Average time taken in call:                      9.9 s
    Number of calls to calculate res. matrix:          0
    Average time taken in call:                      0.0 s


 >> Program ended normally

