

 >> R 3 t     E R T    M o d e l    v 2.31 <<

 >> Date: 19-07-2023
 >> My beautiful 3D survey                                                          
 >> A d v a n c e d   M e s h   I n p u t <<
 >> T e t r a h e d r a l   E l e m e n t   M e s h <<


 >> Parameterisation
    Total number of parameters:                  41878
    Number of elements with fixed resistivity:       0
    Number of parameter regularisation zones:        1
    Regularisation zone   1   alpha scalar:        1.0
 >> Reading resistivity model from res0.dat                                                                        

 >> L o g - D a t a   I n v e r s i o n <<
 >> N o r m a l   R e g u l a r i s a t i o n <<
    For   1000 measurements the memory needed is:          0.349 Gb
    For   2000 measurements the memory needed is:          0.684 Gb
    For   5000 measurements the memory needed is:          1.690 Gb
    For  10000 measurements the memory needed is:          3.365 Gb


 >> Number of measurements read: 2255

 >> Total Memory required is:          0.770 Gb


 Processing frame   1 - output to file f001.dat

   Iteration   1
     Initial RMS Misfit:        33.11      Number of data ignored:     8
     Alpha:        1590.697   RMS Misfit:        2.68  Roughness:        6.606
     Alpha:         738.336   RMS Misfit:        2.68  Roughness:        7.017
     Step length set to      1.000
     Final RMS Misfit:        2.68
     Data misfit:         16053.30
     Model misfit:        10508.16
     Total misfit:        26561.46
     Updated data weights

   Iteration   2
     Initial RMS Misfit:         1.92      Number of data ignored:     8
     Alpha:         878.218   RMS Misfit:        0.98  Roughness:        6.210
     Step length set to      1.000
     Final RMS Misfit:        0.98
     Data misfit:          2146.97
     Model misfit:         5453.87
     Total misfit:         7600.84
     Step length set to      0.939
     Final RMS Misfit:        1.00

 Solution converged - Outputing results to file

 Calculating sensitivity map

 End of data:  Terminating


    Timing Summary
    ==============
    Total time taken:                                98. s

    Percent time taken forming element equations:    0.1 %
    Percent time taken solving forward  equations:   3.2 %
    Percent time taken forming Jacobian:            10.4 %
    Percent time taken solving inverse equations:   84.9 %
    Percent time taken calculating res. matrix:      0.0 %

    Timing Details
    ==============
    Number of calls to form element equations:         6
    Average time taken in call:                      0.0 s
    Number of calls to solve forward equations:      432
    Average time taken in call:                      0.0 s
    Number of calls to form Jacobian:                  2
    Average time taken in call:                      5.1 s
    Number of calls to solve inverse equations:        3
    Average time taken in call:                     27.6 s
    Number of calls to calculate res. matrix:          0
    Average time taken in call:                      0.0 s


 >> Program ended normally


