

 >> R 3 t     E R T    M o d e l    v 2.31 <<

 >> Date: 02-06-2022
 >> My beautiful 3D survey                                                          
 >> A d v a n c e d   M e s h   I n p u t <<
 >> T e t r a h e d r a l   E l e m e n t   M e s h <<


 >> Parameterisation
    Total number of parameters:                  32557
    Number of elements with fixed resistivity:       0
    Number of parameter regularisation zones:        1
    Regularisation zone   1   alpha scalar:        1.0
 >> Reading resistivity model from res0.dat                                                                        

 >> L o g - D a t a   I n v e r s i o n <<
 >> N o r m a l   R e g u l a r i s a t i o n <<
    For   1000 measurements the memory needed is:          0.272 Gb
    For   2000 measurements the memory needed is:          0.532 Gb
    For   5000 measurements the memory needed is:          1.314 Gb
    For  10000 measurements the memory needed is:          2.617 Gb


 >> Number of measurements read: 2484

 >> Total Memory required is:          0.658 Gb


 Processing frame   1 - output to file f001.dat

   Iteration   1
     Initial RMS Misfit:        25.04      Number of data ignored:    48
     Alpha:        3843.008   RMS Misfit:        2.74  Roughness:        1.346
     Alpha:        1783.766   RMS Misfit:        2.27  Roughness:        1.448
     Alpha:         827.951   RMS Misfit:        1.97  Roughness:        2.800
     Alpha:         384.301   RMS Misfit:        1.83  Roughness:        4.256
     Alpha:         178.377   RMS Misfit:        1.90  Roughness:        6.848
     Step length set to      1.000
     Final RMS Misfit:        1.83
     Data misfit:          8146.71
     Model misfit:         1635.67
     Total misfit:         9782.38
     Updated data weights

   Iteration   2
     Initial RMS Misfit:         3.06      Number of data ignored:    16
     Alpha:         231.041   RMS Misfit:        1.47  Roughness:        4.706
     Alpha:         107.240   RMS Misfit:        1.49  Roughness:        5.959
     Step length set to      1.000
     Final RMS Misfit:        1.47
     Data misfit:          5310.32
     Model misfit:         1087.33
     Total misfit:         6397.66
     Attempted to update data weights and caused overshoot
     treating as converged

 Solution converged - Outputing results to file

 Calculating sensitivity map

 End of data:  Terminating


    Timing Summary
    ==============
    Total time taken:                               188. s

    Percent time taken forming element equations:    0.0 %
    Percent time taken solving forward  equations:   1.5 %
    Percent time taken forming Jacobian:             4.6 %
    Percent time taken solving inverse equations:   93.1 %
    Percent time taken calculating res. matrix:      0.0 %

    Timing Details
    ==============
    Number of calls to form element equations:         8
    Average time taken in call:                      0.0 s
    Number of calls to solve forward equations:      576
    Average time taken in call:                      0.0 s
    Number of calls to form Jacobian:                  2
    Average time taken in call:                      4.3 s
    Number of calls to solve inverse equations:        7
    Average time taken in call:                     25.0 s
    Number of calls to calculate res. matrix:          0
    Average time taken in call:                      0.0 s


 >> Program ended normally

