

 >> R 3 t     E R T    M o d e l    v 2.31 <<

 >> Date: 15-07-2022
 >> My beautiful 3D survey                                                          
 >> A d v a n c e d   M e s h   I n p u t <<
 >> T e t r a h e d r a l   E l e m e n t   M e s h <<


 >> Parameterisation
    Total number of parameters:                  34178
    Number of elements with fixed resistivity:       0
    Number of parameter regularisation zones:        1
    Regularisation zone   1   alpha scalar:        1.0
 >> Reading resistivity model from res0.dat                                                                        

 >> L o g - D a t a   I n v e r s i o n <<
 >> N o r m a l   R e g u l a r i s a t i o n <<
    For   1000 measurements the memory needed is:          0.285 Gb
    For   2000 measurements the memory needed is:          0.559 Gb
    For   5000 measurements the memory needed is:          1.379 Gb
    For  10000 measurements the memory needed is:          2.747 Gb


 >> Number of measurements read: 2268

 >> Total Memory required is:          0.632 Gb


 Processing frame   1 - output to file f001.dat

   Iteration   1
     Initial RMS Misfit:        28.82      Number of data ignored:    10
     Alpha:         607.890   RMS Misfit:        1.25  Roughness:        3.532
     Alpha:         282.157   RMS Misfit:        1.24  Roughness:        3.754
     Alpha:         130.966   RMS Misfit:        1.39  Roughness:        6.361
     Step length set to      1.000
     Final RMS Misfit:        1.24
     Data misfit:          3492.48
     Model misfit:         1059.35
     Total misfit:         4551.83
     Attempted to update data weights and caused overshoot
     treating as converged

 Solution converged - Outputing results to file

 Calculating sensitivity map

 End of data:  Terminating


    Timing Summary
    ==============
    Total time taken:                                77. s

    Percent time taken forming element equations:    0.1 %
    Percent time taken solving forward  equations:   2.7 %
    Percent time taken forming Jacobian:             7.3 %
    Percent time taken solving inverse equations:   88.3 %
    Percent time taken calculating res. matrix:      0.0 %

    Timing Details
    ==============
    Number of calls to form element equations:         4
    Average time taken in call:                      0.0 s
    Number of calls to solve forward equations:      288
    Average time taken in call:                      0.0 s
    Number of calls to form Jacobian:                  1
    Average time taken in call:                      5.6 s
    Number of calls to solve inverse equations:        3
    Average time taken in call:                     22.6 s
    Number of calls to calculate res. matrix:          0
    Average time taken in call:                      0.0 s


 >> Program ended normally

