

 >> R 3 t     E R T    M o d e l    v 2.31 <<

 >> Date: 19-07-2023
 >> My beautiful 3D survey                                                          
 >> A d v a n c e d   M e s h   I n p u t <<
 >> T e t r a h e d r a l   E l e m e n t   M e s h <<


 >> Parameterisation
    Total number of parameters:                  41878
    Number of elements with fixed resistivity:       0
    Number of parameter regularisation zones:        1
    Regularisation zone   1   alpha scalar:        1.0
 >> Reading resistivity model from res0.dat                                                                        

 >> L o g - D a t a   I n v e r s i o n <<
 >> N o r m a l   R e g u l a r i s a t i o n <<
    For   1000 measurements the memory needed is:          0.349 Gb
    For   2000 measurements the memory needed is:          0.684 Gb
    For   5000 measurements the memory needed is:          1.690 Gb
    For  10000 measurements the memory needed is:          3.365 Gb


 >> Number of measurements read: 2137

 >> Total Memory required is:          0.730 Gb


 Processing frame   1 - output to file f001.dat

   Iteration   1
     Initial RMS Misfit:        25.28      Number of data ignored:    29
     Alpha:       12263.584   RMS Misfit:        2.22  Roughness:        0.500
     Alpha:        5692.251   RMS Misfit:        2.16  Roughness:        0.543
     Alpha:        2642.109   RMS Misfit:        1.72  Roughness:        1.061
     Alpha:        1226.358   RMS Misfit:        1.48  Roughness:        1.576
     Alpha:         569.225   RMS Misfit:        1.26  Roughness:        2.449
     Alpha:         264.211   RMS Misfit:        1.13  Roughness:        3.625
     Alpha:         122.636   RMS Misfit:        1.08  Roughness:        5.318
     Alpha:          56.923   RMS Misfit:        1.12  Roughness:        7.575
     Step length set to      1.000
     Final RMS Misfit:        1.08
     Data misfit:          2467.00
     Model misfit:          652.24
     Total misfit:         3119.23
     Attempted to update data weights and caused overshoot
     treating as converged

 Solution converged - Outputing results to file

 Calculating sensitivity map

 End of data:  Terminating


    Timing Summary
    ==============
    Total time taken:                               244. s

    Percent time taken forming element equations:    0.0 %
    Percent time taken solving forward  equations:   1.9 %
    Percent time taken forming Jacobian:             2.0 %
    Percent time taken solving inverse equations:   95.7 %
    Percent time taken calculating res. matrix:      0.0 %

    Timing Details
    ==============
    Number of calls to form element equations:         9
    Average time taken in call:                      0.0 s
    Number of calls to solve forward equations:      648
    Average time taken in call:                      0.0 s
    Number of calls to form Jacobian:                  1
    Average time taken in call:                      5.0 s
    Number of calls to solve inverse equations:        8
    Average time taken in call:                     29.1 s
    Number of calls to calculate res. matrix:          0
    Average time taken in call:                      0.0 s


 >> Program ended normally

