

 >> R 3 t     E R T    M o d e l    v 2.31 <<

 >> Date: 02-06-2022
 >> My beautiful 3D survey                                                          
 >> A d v a n c e d   M e s h   I n p u t <<
 >> T e t r a h e d r a l   E l e m e n t   M e s h <<


 >> Parameterisation
    Total number of parameters:                  32557
    Number of elements with fixed resistivity:       0
    Number of parameter regularisation zones:        1
    Regularisation zone   1   alpha scalar:        1.0
 >> Reading resistivity model from Start_res.dat                                                                   

 >> L o g - D a t a   I n v e r s i o n <<
 >> B a c k g r o u n d   R e g u l a r i s a t i o n <<
    For   1000 measurements the memory needed is:          0.272 Gb
    For   2000 measurements the memory needed is:          0.532 Gb
    For   5000 measurements the memory needed is:          1.314 Gb
    For  10000 measurements the memory needed is:          2.617 Gb


 >> Number of measurements read: 2484

 >> Total Memory required is:          0.658 Gb


 Processing frame   1 - output to file f001.dat

   Iteration   1
     Initial RMS Misfit:         6.22      Number of data ignored:    20
     Alpha:      135134.366   RMS Misfit:        5.93  Roughness:        0.015
     Alpha:       62723.816   RMS Misfit:        5.93  Roughness:        0.016
     Alpha:       29113.817   RMS Misfit:        5.90  Roughness:        0.028
     Alpha:       13513.437   RMS Misfit:        5.87  Roughness:        0.055
     Alpha:        6272.382   RMS Misfit:        5.81  Roughness:        0.180
     Alpha:        2911.382   RMS Misfit:        5.71  Roughness:        0.630
     Alpha:        1351.344   RMS Misfit:        5.52  Roughness:        2.389
     Alpha:         627.238   RMS Misfit:        5.20  Roughness:        8.490
     Alpha:         291.138   RMS Misfit:        4.65  Roughness:       27.678
     Alpha:         135.134   RMS Misfit:        4.06  Roughness:       76.943
     Step length set to      1.000
     Final RMS Misfit:        4.06
     Data misfit:         40596.84
     Model misfit:        10397.67
     Total misfit:        50994.50
     Updated data weights

   Iteration   2
     Initial RMS Misfit:         3.37      Number of data ignored:    19
     Alpha:          96.112   RMS Misfit:        2.74  Roughness:      136.273
     Alpha:          44.611   RMS Misfit:        2.22  Roughness:      231.492
     Alpha:          20.707   RMS Misfit:        1.71  Roughness:      359.683
     Alpha:           9.611   RMS Misfit:        1.29  Roughness:      518.322
     Alpha:           4.461   RMS Misfit:        0.98  Roughness:      701.184
     Step length set to      1.000
     Final RMS Misfit:        0.98
     Data misfit:          2386.48
     Model misfit:         3128.05
     Total misfit:         5514.53
     Step length set to      0.987
     Final RMS Misfit:        1.00

 Solution converged - Outputing results to file

 Calculating sensitivity map

 End of data:  Terminating


    Timing Summary
    ==============
    Total time taken:                               202. s

    Percent time taken forming element equations:    0.1 %
    Percent time taken solving forward  equations:   3.5 %
    Percent time taken forming Jacobian:             4.2 %
    Percent time taken solving inverse equations:   91.6 %
    Percent time taken calculating res. matrix:      0.0 %

    Timing Details
    ==============
    Number of calls to form element equations:        18
    Average time taken in call:                      0.0 s
    Number of calls to solve forward equations:     1296
    Average time taken in call:                      0.0 s
    Number of calls to form Jacobian:                  2
    Average time taken in call:                      4.2 s
    Number of calls to solve inverse equations:       15
    Average time taken in call:                     12.3 s
    Number of calls to calculate res. matrix:          0
    Average time taken in call:                      0.0 s


 >> Program ended normally

