

 >> R 3 t     E R T    M o d e l    v 2.31 <<

 >> Date: 19-07-2023
 >> My beautiful 3D survey                                                          
 >> A d v a n c e d   M e s h   I n p u t <<
 >> T e t r a h e d r a l   E l e m e n t   M e s h <<


 >> Parameterisation
    Total number of parameters:                  41878
    Number of elements with fixed resistivity:       0
    Number of parameter regularisation zones:        1
    Regularisation zone   1   alpha scalar:        1.0
 >> Reading resistivity model from res0.dat                                                                        

 >> L o g - D a t a   I n v e r s i o n <<
 >> N o r m a l   R e g u l a r i s a t i o n <<
    For   1000 measurements the memory needed is:          0.349 Gb
    For   2000 measurements the memory needed is:          0.684 Gb
    For   5000 measurements the memory needed is:          1.690 Gb
    For  10000 measurements the memory needed is:          3.365 Gb


 >> Number of measurements read: 2244

 >> Total Memory required is:          0.766 Gb


 Processing frame   1 - output to file f001.dat

   Iteration   1
     Initial RMS Misfit:        28.25      Number of data ignored:    15
     Alpha:         424.207   RMS Misfit:        1.76  Roughness:        3.749
     Alpha:         196.899   RMS Misfit:        1.73  Roughness:        3.950
     Alpha:          91.393   RMS Misfit:        1.55  Roughness:        6.464
     Alpha:          42.421   RMS Misfit:        1.48  Roughness:        9.002
     Alpha:          19.690   RMS Misfit:        1.43  Roughness:       13.305
     Alpha:           9.139   RMS Misfit:        1.43  Roughness:       19.464
     Step length set to      1.000
     Final RMS Misfit:        1.43
     Data misfit:          4554.47
     Model misfit:          261.97
     Total misfit:         4816.43
     Attempted to update data weights and caused overshoot
     treating as converged

 Solution converged - Outputing results to file

 Calculating sensitivity map

 End of data:  Terminating


    Timing Summary
    ==============
    Total time taken:                               180. s

    Percent time taken forming element equations:    0.0 %
    Percent time taken solving forward  equations:   2.0 %
    Percent time taken forming Jacobian:             3.0 %
    Percent time taken solving inverse equations:   94.3 %
    Percent time taken calculating res. matrix:      0.0 %

    Timing Details
    ==============
    Number of calls to form element equations:         7
    Average time taken in call:                      0.0 s
    Number of calls to solve forward equations:      504
    Average time taken in call:                      0.0 s
    Number of calls to form Jacobian:                  1
    Average time taken in call:                      5.5 s
    Number of calls to solve inverse equations:        6
    Average time taken in call:                     28.2 s
    Number of calls to calculate res. matrix:          0
    Average time taken in call:                      0.0 s


 >> Program ended normally

